<?xml version="1.0" encoding="UTF-8"?>
<testng-results ignored="0" total="1" passed="1" failed="0" skipped="0">
  <reporter-output>
  </reporter-output>
  <suite started-at="2022-10-11T18:39:02 IST" name="Default suite" finished-at="2022-10-11T18:39:03 IST" duration-ms="1758">
    <groups>
    </groups>
    <test started-at="2022-10-11T18:39:02 IST" name="Default test" finished-at="2022-10-11T18:39:03 IST" duration-ms="1758">
      <class name="TC_Automation.TC_Automation.TestRunner">
        <test-method signature="POSTAPIVerification()[pri:0, instance:TC_Automation.TC_Automation.TestRunner@57d7f8ca]" started-at="2022-10-11T18:39:02 IST" name="POSTAPIVerification" finished-at="2022-10-11T18:39:03 IST" duration-ms="1726" status="PASS">
          <reporter-output>
          </reporter-output>
        </test-method> <!-- POSTAPIVerification -->
      </class> <!-- TC_Automation.TC_Automation.TestRunner -->
    </test> <!-- Default test -->
  </suite> <!-- Default suite -->
</testng-results>
